TN:
SF:index.js
FNF:0
FNH:0
DA:1,1
DA:2,1
DA:3,1
DA:4,1
DA:5,1
DA:6,1
DA:7,1
DA:8,1
DA:9,1
DA:10,1
DA:11,1
DA:12,1
DA:13,1
DA:14,1
DA:15,1
DA:16,1
DA:17,1
DA:18,1
DA:19,1
DA:20,1
DA:21,1
DA:22,1
DA:23,1
DA:24,1
DA:25,1
DA:26,1
DA:27,1
DA:28,1
DA:29,1
DA:30,1
DA:31,1
DA:32,1
DA:33,1
DA:34,1
DA:35,1
DA:36,1
DA:37,1
DA:38,1
DA:39,1
DA:40,1
DA:41,1
DA:42,1
DA:43,1
DA:44,1
DA:45,1
DA:46,1
DA:47,1
DA:48,1
DA:49,1
DA:50,1
DA:51,1
DA:52,1
DA:53,1
DA:54,1
DA:55,1
DA:56,1
DA:57,1
DA:58,1
DA:59,1
DA:60,1
DA:61,1
DA:62,1
DA:63,1
DA:64,1
DA:65,1
LF:65
LH:65
BRDA:37,0,0,5
BRDA:64,1,0,5
BRF:2
BRH:2
end_of_record
TN:
SF:swaggerDefinition.js
FNF:0
FNH:0
DA:1,1
DA:2,1
DA:3,1
DA:4,1
DA:5,1
DA:6,1
DA:7,1
DA:8,1
DA:9,1
DA:10,1
DA:11,1
DA:12,1
DA:13,1
DA:14,1
DA:15,1
DA:16,1
DA:17,1
DA:18,1
DA:19,1
DA:20,1
DA:21,1
DA:22,1
DA:23,1
DA:24,1
DA:25,1
DA:26,1
DA:27,1
DA:28,1
DA:29,1
DA:30,1
DA:31,1
DA:32,1
DA:33,1
DA:34,1
DA:35,1
DA:36,1
DA:37,1
DA:38,1
DA:39,1
DA:40,1
DA:41,1
DA:42,1
DA:43,1
DA:44,1
DA:45,1
DA:46,1
DA:47,1
DA:48,1
DA:49,1
DA:50,1
DA:51,1
DA:52,1
DA:53,1
DA:54,1
DA:55,1
DA:56,1
DA:57,1
DA:58,1
DA:59,1
DA:60,1
DA:61,1
DA:62,1
DA:63,1
DA:64,1
DA:65,1
DA:66,1
DA:67,1
DA:68,1
DA:69,1
DA:70,1
DA:71,1
DA:72,1
DA:73,1
DA:74,1
DA:75,1
DA:76,1
DA:77,1
DA:78,1
DA:79,1
DA:80,1
DA:81,1
DA:82,1
DA:83,1
DA:84,1
DA:85,1
DA:86,1
DA:87,1
DA:88,1
DA:89,1
DA:90,1
DA:91,1
DA:92,1
DA:93,1
DA:94,1
DA:95,1
DA:96,1
DA:97,1
DA:98,1
DA:99,1
DA:100,1
DA:101,1
DA:102,1
DA:103,1
DA:104,1
DA:105,1
DA:106,1
DA:107,1
DA:108,1
DA:109,1
DA:110,1
DA:111,1
DA:112,1
DA:113,1
DA:114,1
DA:115,1
DA:116,1
DA:117,1
DA:118,1
DA:119,1
DA:120,1
DA:121,1
DA:122,1
DA:123,1
DA:124,1
DA:125,1
DA:126,1
DA:127,1
DA:128,1
DA:129,1
DA:130,1
DA:131,1
DA:132,1
DA:133,1
DA:134,1
DA:135,1
DA:136,1
DA:137,1
DA:138,1
DA:139,1
DA:140,1
DA:141,1
DA:142,1
DA:143,1
DA:144,1
DA:145,1
DA:146,1
DA:147,1
DA:148,1
DA:149,1
DA:150,1
DA:151,1
DA:152,1
DA:153,1
DA:154,1
DA:155,1
DA:156,1
DA:157,1
DA:158,1
DA:159,1
DA:160,1
DA:161,1
DA:162,1
DA:163,1
DA:164,1
DA:165,1
DA:166,1
DA:167,1
DA:168,1
DA:169,1
DA:170,1
DA:171,1
DA:172,1
DA:173,1
DA:174,1
DA:175,1
DA:176,1
DA:177,1
DA:178,1
DA:179,1
DA:180,1
DA:181,1
DA:182,1
DA:183,1
DA:184,1
DA:185,1
DA:186,1
DA:187,1
DA:188,1
DA:189,1
DA:190,1
DA:191,1
DA:192,1
DA:193,1
DA:194,1
DA:195,1
DA:196,1
DA:197,1
DA:198,1
DA:199,1
DA:200,1
DA:201,1
DA:202,1
DA:203,1
DA:204,1
DA:205,1
DA:206,1
DA:207,1
DA:208,1
DA:209,1
DA:210,1
DA:211,1
DA:212,1
DA:213,1
DA:214,1
DA:215,1
DA:216,1
DA:217,1
DA:218,1
DA:219,1
DA:220,1
DA:221,1
DA:222,1
DA:223,1
DA:224,1
DA:225,1
DA:226,1
DA:227,1
DA:228,1
DA:229,1
DA:230,1
DA:231,1
DA:232,1
DA:233,1
DA:234,1
DA:235,1
DA:236,1
DA:237,1
DA:238,1
DA:239,1
DA:240,1
DA:241,1
DA:242,1
DA:243,1
DA:244,1
DA:245,1
DA:246,1
DA:247,1
DA:248,1
DA:249,1
DA:250,1
DA:251,1
DA:252,1
DA:253,1
DA:254,1
DA:255,1
DA:256,1
DA:257,1
DA:258,1
DA:259,1
DA:260,1
DA:261,1
DA:262,1
DA:263,1
DA:264,1
DA:265,1
DA:266,1
DA:267,1
DA:268,1
DA:269,1
DA:270,1
DA:271,1
DA:272,1
DA:273,1
DA:274,1
DA:275,1
DA:276,1
DA:277,1
DA:278,1
DA:279,1
DA:280,1
DA:281,1
DA:282,1
DA:283,1
DA:284,1
DA:285,1
DA:286,1
DA:287,1
DA:288,1
DA:289,1
DA:290,1
DA:291,1
DA:292,1
DA:293,1
DA:294,1
DA:295,1
DA:296,1
DA:297,1
DA:298,1
DA:299,1
DA:300,1
DA:301,1
DA:302,1
DA:303,1
DA:304,1
DA:305,1
DA:306,1
DA:307,1
DA:308,1
DA:309,1
DA:310,1
DA:311,1
DA:312,1
DA:313,1
DA:314,1
DA:315,1
DA:316,1
DA:317,1
DA:318,1
DA:319,1
DA:320,1
DA:321,1
DA:322,1
DA:323,1
DA:324,1
DA:325,1
DA:326,1
DA:327,1
DA:328,1
DA:329,1
DA:330,1
DA:331,1
DA:332,1
DA:333,1
DA:334,1
DA:335,1
DA:336,1
DA:337,1
DA:338,1
DA:339,1
DA:340,1
DA:341,1
DA:342,1
DA:343,1
DA:344,1
DA:345,1
DA:346,1
DA:347,1
DA:348,1
DA:349,1
DA:350,1
DA:351,1
DA:352,1
DA:353,1
DA:354,1
DA:355,1
DA:356,1
DA:357,1
DA:358,1
DA:359,1
DA:360,1
DA:361,1
DA:362,1
DA:363,1
DA:364,1
DA:365,1
DA:366,1
DA:367,1
DA:368,1
DA:369,1
DA:370,1
DA:371,1
DA:372,1
DA:373,1
DA:374,1
DA:375,1
DA:376,1
LF:376
LH:376
BRF:0
BRH:0
end_of_record
TN:
SF:controllers\AuthController.js
FN:2,asyncGeneratorStep
FN:2,_asyncToGenerator
FN:2,_next
FN:2,_throw
FN:6,_callee
FN:6,_callee$
FN:64,_callee2
FN:64,_callee2$
FNF:8
FNH:7
FNDA:25,asyncGeneratorStep
FNDA:10,_asyncToGenerator
FNDA:25,_next
FNDA:0,_throw
FNDA:4,_callee
FNDA:18,_callee$
FNDA:3,_callee2
FNDA:10,_callee2$
DA:1,1
DA:2,0
DA:3,1
DA:4,1
DA:5,1
DA:6,1
DA:7,4
DA:8,4
DA:9,4
DA:10,4
DA:11,0
DA:12,4
DA:13,4
DA:14,4
DA:15,0
DA:16,4
DA:17,4
DA:18,4
DA:19,4
DA:20,4
DA:21,0
DA:22,4
DA:23,4
DA:24,4
DA:25,4
DA:26,4
DA:27,0
DA:28,4
DA:29,4
DA:30,4
DA:31,4
DA:32,4
DA:33,1
DA:34,3
DA:35,3
DA:36,3
DA:37,3
DA:38,3
DA:39,3
DA:40,3
DA:41,3
DA:42,3
DA:43,3
DA:44,3
DA:45,3
DA:46,3
DA:47,3
DA:48,3
DA:49,3
DA:50,3
DA:51,3
DA:52,3
DA:53,3
DA:54,3
DA:55,3
DA:56,3
DA:57,3
DA:58,0
DA:59,0
DA:60,1
DA:61,1
DA:62,1
DA:63,1
DA:64,1
DA:65,3
DA:66,3
DA:67,3
DA:68,3
DA:69,0
DA:70,3
DA:71,3
DA:72,3
DA:73,3
DA:74,3
DA:75,1
DA:76,2
DA:77,2
DA:78,2
DA:79,2
DA:80,2
DA:81,1
DA:82,1
DA:83,1
DA:84,1
DA:85,1
DA:86,1
DA:87,1
DA:88,1
DA:89,1
DA:90,0
DA:91,0
DA:92,1
DA:93,1
LF:93
LH:83
BRDA:2,0,0,25
BRDA:2,1,0,0
BRDA:2,2,0,7
BRDA:2,3,0,18
BRDA:2,4,0,10
BRDA:2,5,0,7
BRDA:2,6,0,7
BRDA:2,7,0,25
BRDA:6,8,0,5
BRDA:6,9,0,4
BRDA:6,10,0,18
BRDA:6,11,0,40
BRDA:6,12,0,4
BRDA:10,13,0,0
BRDA:11,14,0,4
BRDA:14,15,0,0
BRDA:15,16,0,4
BRDA:20,17,0,0
BRDA:21,18,0,4
BRDA:26,19,0,0
BRDA:27,20,0,4
BRDA:31,21,0,4
BRDA:32,22,0,3
BRDA:32,23,0,1
BRDA:33,24,0,3
BRDA:37,25,0,3
BRDA:38,26,0,3
BRDA:50,27,0,3
BRDA:58,28,0,0
BRDA:64,29,0,5
BRDA:64,30,0,3
BRDA:64,31,0,10
BRDA:64,32,0,17
BRDA:64,33,0,3
BRDA:68,34,0,0
BRDA:69,35,0,3
BRDA:73,36,0,3
BRDA:74,37,0,2
BRDA:74,38,0,1
BRDA:75,39,0,2
BRDA:79,40,0,2
BRDA:80,41,0,1
BRDA:81,42,0,1
BRDA:90,43,0,0
BRF:44
BRH:36
end_of_record
TN:
SF:controllers\CategoryController.js
FN:2,_regeneratorRuntime
FN:4,_callee
FN:4,_callee$
FN:14,_callee2
FN:14,_callee2$
FN:41,_callee3
FN:41,_callee3$
FN:54,_callee4
FN:54,_callee4$
FN:67,_callee5
FN:67,_callee5$
FNF:11
FNH:11
FNDA:5,_regeneratorRuntime
FNDA:1,_callee
FNDA:2,_callee$
FNDA:2,_callee2
FNDA:5,_callee2$
FNDA:2,_callee3
FNDA:5,_callee3$
FNDA:2,_callee4
FNDA:5,_callee4$
FNDA:2,_callee5
FNDA:5,_callee5$
DA:1,1
DA:2,5
DA:3,1
DA:4,1
DA:5,1
DA:6,1
DA:7,1
DA:8,0
DA:9,0
DA:10,1
DA:11,1
DA:12,1
DA:13,1
DA:14,1
DA:15,2
DA:16,2
DA:17,2
DA:18,2
DA:19,1
DA:20,1
DA:21,1
DA:22,1
DA:23,0
DA:24,1
DA:25,1
DA:26,1
DA:27,1
DA:28,1
DA:29,1
DA:30,1
DA:31,1
DA:32,1
DA:33,1
DA:34,1
DA:35,0
DA:36,0
DA:37,1
DA:38,1
DA:39,1
DA:40,1
DA:41,1
DA:42,2
DA:43,2
DA:44,2
DA:45,1
DA:46,1
DA:47,1
DA:48,0
DA:49,0
DA:50,1
DA:51,1
DA:52,1
DA:53,1
DA:54,1
DA:55,2
DA:56,2
DA:57,2
DA:58,1
DA:59,1
DA:60,1
DA:61,0
DA:62,0
DA:63,1
DA:64,1
DA:65,1
DA:66,1
DA:67,1
DA:68,2
DA:69,2
DA:70,2
DA:71,1
DA:72,1
DA:73,1
DA:74,0
DA:75,0
DA:76,1
DA:77,1
LF:77
LH:66
BRDA:2,0,0,5
BRDA:4,1,0,5
BRDA:4,2,0,1
BRDA:4,3,0,2
BRDA:4,4,0,3
BRDA:4,5,0,1
BRDA:6,6,0,1
BRDA:8,7,0,0
BRDA:14,8,0,5
BRDA:14,9,0,2
BRDA:14,10,0,5
BRDA:14,11,0,8
BRDA:14,12,0,2
BRDA:18,13,0,1
BRDA:19,14,0,1
BRDA:21,15,0,1
BRDA:22,16,0,0
BRDA:23,17,0,1
BRDA:33,18,0,1
BRDA:35,19,0,0
BRDA:41,20,0,5
BRDA:41,21,0,2
BRDA:41,22,0,5
BRDA:41,23,0,7
BRDA:41,24,0,2
BRDA:43,25,0,2
BRDA:44,26,0,1
BRDA:45,27,0,1
BRDA:48,28,0,0
BRDA:54,29,0,5
BRDA:54,30,0,2
BRDA:54,31,0,5
BRDA:54,32,0,7
BRDA:54,33,0,2
BRDA:56,34,0,2
BRDA:57,35,0,1
BRDA:58,36,0,1
BRDA:61,37,0,0
BRDA:67,38,0,5
BRDA:67,39,0,2
BRDA:67,40,0,5
BRDA:67,41,0,7
BRDA:67,42,0,2
BRDA:69,43,0,2
BRDA:70,44,0,1
BRDA:71,45,0,1
BRDA:74,46,0,0
BRF:47
BRH:41
end_of_record
TN:
SF:controllers\MenuItemController.js
FN:4,_interopRequireDefault
FN:4,_regeneratorRuntime
FN:4,_regeneratorRuntime
FN:4,o
FN:4,define
FN:4,define
FN:4,wrap
FN:4,tryCatch
FN:4,Generator
FN:4,GeneratorFunction
FN:4,GeneratorFunctionPrototype
FN:4,defineIteratorMethods
FN:4,AsyncIterator
FN:4,makeInvokeMethod
FN:4,maybeInvokeDelegate
FN:4,pushTryEntry
FN:4,resetTryEntry
FN:4,Context
FN:4,values
FN:4,next
FN:4,e.isGeneratorFunction
FN:4,e.mark
FN:4,e.awrap
FN:4,e.async
FN:4,e.keys
FN:4,reset
FN:4,stop
FN:4,dispatchException
FN:4,abrupt
FN:4,complete
FN:4,finish
FN:4,_catch
FN:4,delegateYield
FN:2,asyncGeneratorStep
FN:2,_asyncToGenerator
FN:2,_next
FN:2,_throw
FN:8,_callee
FN:8,_callee$
FN:18,_callee2
FN:18,_callee2$
FN:31,_callee3
FN:31,_callee3$
FN:92,_callee4
FN:92,_callee4$
FN:156,_callee5
FN:156,_callee5$
FNF:47
FNH:30
FNDA:15,_interopRequireDefault
FNDA:5,_regeneratorRuntime
FNDA:31,_regeneratorRuntime
FNDA:0,o
FNDA:65,define
FNDA:0,define
FNDA:11,wrap
FNDA:33,tryCatch
FNDA:0,Generator
FNDA:0,GeneratorFunction
FNDA:0,GeneratorFunctionPrototype
FNDA:10,defineIteratorMethods
FNDA:0,AsyncIterator
FNDA:11,makeInvokeMethod
FNDA:0,maybeInvokeDelegate
FNDA:15,pushTryEntry
FNDA:26,resetTryEntry
FNDA:11,Context
FNDA:5,values
FNDA:0,next
FNDA:0,e.isGeneratorFunction
FNDA:25,e.mark
FNDA:0,e.awrap
FNDA:0,e.async
FNDA:0,e.keys
FNDA:11,reset
FNDA:11,stop
FNDA:0,dispatchException
FNDA:12,abrupt
FNDA:12,complete
FNDA:0,finish
FNDA:0,_catch
FNDA:0,delegateYield
FNDA:27,asyncGeneratorStep
FNDA:25,_asyncToGenerator
FNDA:27,_next
FNDA:0,_throw
FNDA:1,_callee
FNDA:2,_callee$
FNDA:2,_callee2
FNDA:5,_callee2$
FNDA:4,_callee3
FNDA:10,_callee3$
FNDA:2,_callee4
FNDA:9,_callee4$
FNDA:2,_callee5
FNDA:7,_callee5$
DA:1,1
DA:2,0
DA:3,1
DA:4,1
DA:5,1
DA:6,1
DA:7,1
DA:8,1
DA:9,1
DA:10,1
DA:11,1
DA:12,0
DA:13,0
DA:14,1
DA:15,1
DA:16,1
DA:17,1
DA:18,1
DA:19,2
DA:20,2
DA:21,2
DA:22,1
DA:23,1
DA:24,1
DA:25,0
DA:26,0
DA:27,1
DA:28,1
DA:29,1
DA:30,1
DA:31,1
DA:32,4
DA:33,4
DA:34,4
DA:35,4
DA:36,4
DA:37,4
DA:38,1
DA:39,3
DA:40,3
DA:41,3
DA:42,3
DA:43,1
DA:44,2
DA:45,2
DA:46,2
DA:47,2
DA:48,1
DA:49,1
DA:50,1
DA:51,1
DA:52,1
DA:53,1
DA:54,1
DA:55,0
DA:56,1
DA:57,1
DA:58,1
DA:59,1
DA:60,1
DA:61,1
DA:62,0
DA:63,0
DA:64,0
DA:65,0
DA:66,0
DA:67,1
DA:68,1
DA:69,1
DA:70,1
DA:71,1
DA:72,1
DA:73,1
DA:74,1
DA:75,1
DA:76,1
DA:77,1
DA:78,1
DA:79,1
DA:80,1
DA:81,1
DA:82,1
DA:83,1
DA:84,1
DA:85,1
DA:86,0
DA:87,0
DA:88,0
DA:89,1
DA:90,1
DA:91,1
DA:92,1
DA:93,2
DA:94,2
DA:95,2
DA:96,2
DA:97,2
DA:98,0
DA:99,2
DA:100,2
DA:101,2
DA:102,2
DA:103,0
DA:104,2
DA:105,2
DA:106,2
DA:107,2
DA:108,0
DA:109,2
DA:110,2
DA:111,2
DA:112,2
DA:113,1
DA:114,1
DA:115,0
DA:116,2
DA:117,2
DA:118,2
DA:119,2
DA:120,2
DA:121,2
DA:122,1
DA:123,1
DA:124,1
DA:125,1
DA:126,1
DA:127,1
DA:128,1
DA:129,1
DA:130,1
DA:131,1
DA:132,1
DA:133,1
DA:134,1
DA:135,1
DA:136,1
DA:137,1
DA:138,1
DA:139,1
DA:140,1
DA:141,1
DA:142,1
DA:143,1
DA:144,1
DA:145,1
DA:146,1
DA:147,1
DA:148,1
DA:149,1
DA:150,0
DA:151,0
DA:152,1
DA:153,1
DA:154,1
DA:155,1
DA:156,1
DA:157,2
DA:158,2
DA:159,2
DA:160,2
DA:161,1
DA:162,1
DA:163,1
DA:164,1
DA:165,1
DA:166,1
DA:167,1
DA:168,1
DA:169,1
DA:170,1
DA:171,1
DA:172,1
DA:173,0
DA:174,0
DA:175,1
DA:176,1
LF:176
LH:154
BRDA:4,0,0,15
BRDA:4,1,0,10
BRDA:4,2,0,5
BRDA:4,3,0,5
BRDA:4,4,0,0
BRDA:4,5,0,0
BRDA:4,6,0,0
BRDA:4,7,0,0
BRDA:4,8,0,0
BRDA:4,9,0,0
BRDA:4,10,0,31
BRDA:4,11,0,65
BRDA:4,12,0,11
BRDA:4,13,0,0
BRDA:4,14,0,0
BRDA:4,15,0,33
BRDA:4,16,0,0
BRDA:4,17,0,10
BRDA:4,18,0,30
BRDA:4,19,0,27
BRDA:4,20,0,11
BRDA:4,21,0,27
BRDA:4,22,0,0
BRDA:4,23,0,0
BRDA:4,24,0,33
BRDA:4,25,0,0
BRDA:4,26,0,27
BRDA:4,27,0,6
BRDA:4,28,0,0
BRDA:4,29,0,11
BRDA:4,30,0,22
BRDA:4,31,0,6
BRDA:4,32,0,27
BRDA:4,33,0,0
BRDA:4,34,0,15
BRDA:4,35,0,0
BRDA:4,36,0,26
BRDA:4,37,0,11
BRDA:4,38,0,5
BRDA:4,39,0,0
BRDA:4,40,0,0
BRDA:4,41,0,0
BRDA:4,42,0,25
BRDA:4,43,0,0
BRDA:4,44,0,11
BRDA:4,45,0,0
BRDA:4,46,0,11
BRDA:4,47,0,0
BRDA:4,48,0,12
BRDA:4,49,0,30
BRDA:4,50,0,6
BRDA:4,51,0,0
BRDA:4,52,0,0
BRDA:4,53,0,0
BRDA:4,54,0,0
BRDA:4,55,0,0
BRDA:4,56,0,0
BRDA:4,57,0,0
BRDA:4,58,0,0
BRDA:4,59,0,12
BRDA:4,60,0,0
BRDA:4,61,0,0
BRDA:4,62,0,0
BRDA:2,63,0,27
BRDA:2,64,0,0
BRDA:2,65,0,11
BRDA:2,66,0,16
BRDA:2,67,0,25
BRDA:2,68,0,11
BRDA:2,69,0,11
BRDA:2,70,0,27
BRDA:8,71,0,5
BRDA:8,72,0,1
BRDA:8,73,0,2
BRDA:8,74,0,3
BRDA:8,75,0,1
BRDA:10,76,0,1
BRDA:12,77,0,0
BRDA:18,78,0,5
BRDA:18,79,0,2
BRDA:18,80,0,5
BRDA:18,81,0,7
BRDA:18,82,0,2
BRDA:20,83,0,2
BRDA:21,84,0,1
BRDA:22,85,0,1
BRDA:25,86,0,0
BRDA:31,87,0,5
BRDA:31,88,0,4
BRDA:31,89,0,10
BRDA:31,90,0,19
BRDA:31,91,0,4
BRDA:37,92,0,3
BRDA:37,93,0,3
BRDA:37,94,0,3
BRDA:37,95,0,3
BRDA:37,96,0,1
BRDA:38,97,0,3
BRDA:42,98,0,2
BRDA:42,99,0,1
BRDA:43,100,0,2
BRDA:47,101,0,1
BRDA:48,102,0,1
BRDA:53,103,0,1
BRDA:54,104,0,0
BRDA:55,105,0,1
BRDA:61,106,0,0
BRDA:66,107,0,1
BRDA:84,108,0,1
BRDA:86,109,0,0
BRDA:92,110,0,5
BRDA:92,111,0,2
BRDA:92,112,0,9
BRDA:92,113,0,19
BRDA:92,114,0,2
BRDA:97,115,0,1
BRDA:97,116,0,0
BRDA:98,117,0,2
BRDA:102,118,0,1
BRDA:102,119,0,0
BRDA:103,120,0,2
BRDA:107,121,0,1
BRDA:107,122,0,0
BRDA:108,123,0,2
BRDA:112,124,0,1
BRDA:113,125,0,1
BRDA:114,126,0,0
BRDA:115,127,0,2
BRDA:120,128,0,2
BRDA:121,129,0,1
BRDA:122,130,0,1
BRDA:126,131,0,0
BRDA:128,132,0,0
BRDA:129,133,0,1
BRDA:135,134,0,1
BRDA:142,135,0,1
BRDA:147,136,0,1
BRDA:150,137,0,0
BRDA:156,138,0,5
BRDA:156,139,0,2
BRDA:156,140,0,7
BRDA:156,141,0,9
BRDA:156,142,0,2
BRDA:159,143,0,2
BRDA:160,144,0,1
BRDA:161,145,0,1
BRDA:165,146,0,0
BRDA:166,147,0,1
BRDA:170,148,0,1
BRDA:173,149,0,0
BRF:150
BRH:103
end_of_record
TN:
SF:controllers\OrderController.js
FN:2,_regeneratorRuntime
FN:2,o
FN:2,define
FN:2,define
FN:2,wrap
FN:2,tryCatch
FN:2,Generator
FN:2,GeneratorFunction
FN:2,GeneratorFunctionPrototype
FN:2,defineIteratorMethods
FN:2,AsyncIterator
FN:2,makeInvokeMethod
FN:2,maybeInvokeDelegate
FN:2,pushTryEntry
FN:2,resetTryEntry
FN:2,Context
FN:2,values
FN:2,next
FN:2,e.isGeneratorFunction
FN:2,e.mark
FN:2,e.awrap
FN:2,e.async
FN:2,e.keys
FN:2,reset
FN:2,stop
FN:2,dispatchException
FN:2,abrupt
FN:2,complete
FN:2,finish
FN:2,_catch
FN:2,delegateYield
FN:2,_createForOfIteratorHelper
FN:2,F
FN:2,n
FN:2,e
FN:2,s
FN:2,n
FN:2,e
FN:2,f
FN:2,_unsupportedIterableToArray
FN:2,_arrayLikeToArray
FN:2,asyncGeneratorStep
FN:2,_asyncToGenerator
FN:2,_next
FN:2,_throw
FN:5,_callee
FN:5,_callee$
FN:69,_callee2
FN:69,_callee2$
FN:82,_callee3
FN:82,_callee3$
FN:106,_callee4
FN:106,_callee4$
FNF:53
FNH:31
FNDA:23,_regeneratorRuntime
FNDA:0,o
FNDA:65,define
FNDA:0,define
FNDA:8,wrap
FNDA:19,tryCatch
FNDA:0,Generator
FNDA:0,GeneratorFunction
FNDA:0,GeneratorFunctionPrototype
FNDA:10,defineIteratorMethods
FNDA:0,AsyncIterator
FNDA:8,makeInvokeMethod
FNDA:0,maybeInvokeDelegate
FNDA:11,pushTryEntry
FNDA:20,resetTryEntry
FNDA:8,Context
FNDA:5,values
FNDA:0,next
FNDA:0,e.isGeneratorFunction
FNDA:20,e.mark
FNDA:0,e.awrap
FNDA:0,e.async
FNDA:0,e.keys
FNDA:8,reset
FNDA:8,stop
FNDA:0,dispatchException
FNDA:8,abrupt
FNDA:9,complete
FNDA:1,finish
FNDA:0,_catch
FNDA:0,delegateYield
FNDA:1,_createForOfIteratorHelper
FNDA:0,F
FNDA:0,n
FNDA:0,e
FNDA:1,s
FNDA:2,n
FNDA:0,e
FNDA:1,f
FNDA:0,_unsupportedIterableToArray
FNDA:0,_arrayLikeToArray
FNDA:14,asyncGeneratorStep
FNDA:20,_asyncToGenerator
FNDA:14,_next
FNDA:0,_throw
FNDA:3,_callee
FNDA:7,_callee$
FNDA:2,_callee2
FNDA:5,_callee2$
FNDA:2,_callee3
FNDA:5,_callee3$
FNDA:1,_callee4
FNDA:2,_callee4$
DA:1,1
DA:2,0
DA:3,1
DA:4,1
DA:5,1
DA:6,3
DA:7,3
DA:8,3
DA:9,3
DA:10,1
DA:11,2
DA:12,2
DA:13,2
DA:14,2
DA:15,0
DA:16,2
DA:17,2
DA:18,2
DA:19,2
DA:20,1
DA:21,1
DA:22,1
DA:23,1
DA:24,1
DA:25,2
DA:26,0
DA:27,1
DA:28,1
DA:29,0
DA:30,1
DA:31,1
DA:32,0
DA:33,1
DA:34,1
DA:35,1
DA:36,1
DA:37,1
DA:38,0
DA:39,1
DA:40,1
DA:41,1
DA:42,1
DA:43,0
DA:44,1
DA:45,1
DA:46,1
DA:47,1
DA:48,0
DA:49,1
DA:50,1
DA:51,1
DA:52,1
DA:53,1
DA:54,1
DA:55,1
DA:56,1
DA:57,1
DA:58,1
DA:59,1
DA:60,1
DA:61,1
DA:62,1
DA:63,0
DA:64,0
DA:65,1
DA:66,1
DA:67,1
DA:68,1
DA:69,1
DA:70,2
DA:71,2
DA:72,2
DA:73,1
DA:74,1
DA:75,1
DA:76,0
DA:77,0
DA:78,1
DA:79,1
DA:80,1
DA:81,1
DA:82,1
DA:83,2
DA:84,2
DA:85,2
DA:86,2
DA:87,0
DA:88,2
DA:89,2
DA:90,2
DA:91,2
DA:92,2
DA:93,2
DA:94,2
DA:95,2
DA:96,2
DA:97,1
DA:98,1
DA:99,1
DA:100,0
DA:101,0
DA:102,1
DA:103,1
DA:104,1
DA:105,1
DA:106,1
DA:107,1
DA:108,1
DA:109,1
DA:110,0
DA:111,0
DA:112,1
DA:113,1
LF:113
LH:96
BRDA:2,0,0,0
BRDA:2,1,0,0
BRDA:2,2,0,0
BRDA:2,3,0,0
BRDA:2,4,0,0
BRDA:2,5,0,0
BRDA:2,6,0,23
BRDA:2,7,0,65
BRDA:2,8,0,8
BRDA:2,9,0,0
BRDA:2,10,0,0
BRDA:2,11,0,19
BRDA:2,12,0,0
BRDA:2,13,0,10
BRDA:2,14,0,30
BRDA:2,15,0,14
BRDA:2,16,0,8
BRDA:2,17,0,14
BRDA:2,18,0,0
BRDA:2,19,0,0
BRDA:2,20,0,19
BRDA:2,21,0,0
BRDA:2,22,0,15
BRDA:2,23,0,4
BRDA:2,24,0,0
BRDA:2,25,0,8
BRDA:2,26,0,11
BRDA:2,27,0,5
BRDA:2,28,0,14
BRDA:2,29,0,0
BRDA:2,30,0,11
BRDA:2,31,0,3
BRDA:2,32,0,20
BRDA:2,33,0,19
BRDA:2,34,0,8
BRDA:2,35,0,5
BRDA:2,36,0,0
BRDA:2,37,0,0
BRDA:2,38,0,0
BRDA:2,39,0,20
BRDA:2,40,0,0
BRDA:2,41,0,8
BRDA:2,42,0,0
BRDA:2,43,0,8
BRDA:2,44,0,0
BRDA:2,45,0,8
BRDA:2,46,0,20
BRDA:2,47,0,4
BRDA:2,48,0,0
BRDA:2,49,0,0
BRDA:2,50,0,0
BRDA:2,51,0,0
BRDA:2,52,0,0
BRDA:2,53,0,0
BRDA:2,54,0,0
BRDA:2,55,0,0
BRDA:2,56,0,9
BRDA:2,57,0,0
BRDA:2,58,0,0
BRDA:2,59,0,8
BRDA:2,60,0,1
BRDA:2,61,0,1
BRDA:2,62,0,2
BRDA:2,63,0,1
BRDA:2,64,0,1
BRDA:2,65,0,0
BRDA:2,66,0,0
BRDA:2,67,0,1
BRDA:2,68,0,2
BRDA:2,69,0,1
BRDA:2,70,0,0
BRDA:2,71,0,0
BRDA:2,72,0,0
BRDA:2,73,0,14
BRDA:2,74,0,0
BRDA:2,75,0,8
BRDA:2,76,0,6
BRDA:2,77,0,20
BRDA:2,78,0,8
BRDA:2,79,0,8
BRDA:2,80,0,14
BRDA:5,81,0,5
BRDA:5,82,0,3
BRDA:5,83,0,7
BRDA:5,84,0,22
BRDA:5,85,0,3
BRDA:9,86,0,2
BRDA:9,87,0,2
BRDA:9,88,0,2
BRDA:9,89,0,2
BRDA:9,90,0,1
BRDA:10,91,0,2
BRDA:14,92,0,0
BRDA:15,93,0,2
BRDA:19,94,0,1
BRDA:20,95,0,1
BRDA:24,96,0,2
BRDA:24,97,0,1
BRDA:25,98,0,1
BRDA:25,99,0,0
BRDA:26,100,0,1
BRDA:28,101,0,0
BRDA:29,102,0,1
BRDA:31,103,0,0
BRDA:32,104,0,1
BRDA:32,105,0,1
BRDA:32,106,0,0
BRDA:32,107,0,1
BRDA:32,108,0,1
BRDA:37,109,0,0
BRDA:38,110,0,1
BRDA:42,111,0,0
BRDA:43,112,0,1
BRDA:47,113,0,0
BRDA:48,114,0,1
BRDA:61,115,0,1
BRDA:63,116,0,0
BRDA:69,117,0,5
BRDA:69,118,0,2
BRDA:69,119,0,5
BRDA:69,120,0,7
BRDA:69,121,0,2
BRDA:71,122,0,2
BRDA:72,123,0,1
BRDA:73,124,0,1
BRDA:76,125,0,0
BRDA:82,126,0,5
BRDA:82,127,0,2
BRDA:82,128,0,5
BRDA:82,129,0,9
BRDA:82,130,0,2
BRDA:86,131,0,0
BRDA:87,132,0,2
BRDA:95,133,0,2
BRDA:96,134,0,1
BRDA:97,135,0,1
BRDA:100,136,0,0
BRDA:106,137,0,5
BRDA:106,138,0,1
BRDA:106,139,0,2
BRDA:106,140,0,3
BRDA:106,141,0,1
BRDA:108,142,0,1
BRDA:110,143,0,0
BRF:144
BRH:95
end_of_record
TN:
SF:controllers\ReviewController.js
FN:2,_regeneratorRuntime
FN:2,o
FN:2,define
FN:2,define
FN:2,wrap
FN:2,tryCatch
FN:2,Generator
FN:2,GeneratorFunction
FN:2,GeneratorFunctionPrototype
FN:2,defineIteratorMethods
FN:2,AsyncIterator
FN:2,makeInvokeMethod
FN:2,maybeInvokeDelegate
FN:2,pushTryEntry
FN:2,resetTryEntry
FN:2,Context
FN:2,values
FN:2,next
FN:2,e.isGeneratorFunction
FN:2,e.mark
FN:2,e.awrap
FN:2,e.async
FN:2,e.keys
FN:2,reset
FN:2,stop
FN:2,dispatchException
FN:2,abrupt
FN:2,complete
FN:2,finish
FN:2,_catch
FN:2,delegateYield
FN:2,asyncGeneratorStep
FN:2,_asyncToGenerator
FN:2,_next
FN:2,_throw
FN:5,_callee
FN:5,_callee$
FN:46,_callee2
FN:46,_callee2$
FN:63,_callee3
FN:63,_callee3$
FNF:41
FNH:24
FNDA:18,_regeneratorRuntime
FNDA:0,o
FNDA:65,define
FNDA:0,define
FNDA:8,wrap
FNDA:17,tryCatch
FNDA:0,Generator
FNDA:0,GeneratorFunction
FNDA:0,GeneratorFunctionPrototype
FNDA:10,defineIteratorMethods
FNDA:0,AsyncIterator
FNDA:8,makeInvokeMethod
FNDA:0,maybeInvokeDelegate
FNDA:8,pushTryEntry
FNDA:16,resetTryEntry
FNDA:8,Context
FNDA:5,values
FNDA:0,next
FNDA:0,e.isGeneratorFunction
FNDA:15,e.mark
FNDA:0,e.awrap
FNDA:0,e.async
FNDA:0,e.keys
FNDA:8,reset
FNDA:8,stop
FNDA:0,dispatchException
FNDA:10,abrupt
FNDA:10,complete
FNDA:0,finish
FNDA:0,_catch
FNDA:0,delegateYield
FNDA:12,asyncGeneratorStep
FNDA:15,_asyncToGenerator
FNDA:12,_next
FNDA:0,_throw
FNDA:5,_callee
FNDA:10,_callee$
FNDA:1,_callee2
FNDA:2,_callee2$
FNDA:2,_callee3
FNDA:5,_callee3$
DA:1,1
DA:2,0
DA:3,1
DA:4,1
DA:5,1
DA:6,5
DA:7,5
DA:8,5
DA:9,5
DA:10,1
DA:11,4
DA:12,4
DA:13,4
DA:14,4
DA:15,1
DA:16,3
DA:17,3
DA:18,3
DA:19,3
DA:20,1
DA:21,2
DA:22,2
DA:23,2
DA:24,2
DA:25,1
DA:26,1
DA:27,1
DA:28,1
DA:29,1
DA:30,1
DA:31,1
DA:32,1
DA:33,1
DA:34,1
DA:35,1
DA:36,1
DA:37,1
DA:38,1
DA:39,1
DA:40,0
DA:41,0
DA:42,1
DA:43,1
DA:44,1
DA:45,1
DA:46,1
DA:47,1
DA:48,1
DA:49,1
DA:50,1
DA:51,0
DA:52,1
DA:53,1
DA:54,1
DA:55,1
DA:56,1
DA:57,0
DA:58,0
DA:59,1
DA:60,1
DA:61,1
DA:62,1
DA:63,1
DA:64,2
DA:65,2
DA:66,2
DA:67,2
DA:68,0
DA:69,2
DA:70,2
DA:71,2
DA:72,2
DA:73,2
DA:74,1
DA:75,1
DA:76,1
DA:77,0
DA:78,0
DA:79,1
DA:80,1
LF:80
LH:71
BRDA:2,0,0,0
BRDA:2,1,0,0
BRDA:2,2,0,0
BRDA:2,3,0,0
BRDA:2,4,0,0
BRDA:2,5,0,0
BRDA:2,6,0,18
BRDA:2,7,0,65
BRDA:2,8,0,8
BRDA:2,9,0,0
BRDA:2,10,0,0
BRDA:2,11,0,17
BRDA:2,12,0,0
BRDA:2,13,0,10
BRDA:2,14,0,30
BRDA:2,15,0,12
BRDA:2,16,0,8
BRDA:2,17,0,12
BRDA:2,18,0,0
BRDA:2,19,0,0
BRDA:2,20,0,17
BRDA:2,21,0,0
BRDA:2,22,0,12
BRDA:2,23,0,5
BRDA:2,24,0,0
BRDA:2,25,0,8
BRDA:2,26,0,9
BRDA:2,27,0,5
BRDA:2,28,0,12
BRDA:2,29,0,0
BRDA:2,30,0,8
BRDA:2,31,0,0
BRDA:2,32,0,16
BRDA:2,33,0,8
BRDA:2,34,0,5
BRDA:2,35,0,0
BRDA:2,36,0,0
BRDA:2,37,0,0
BRDA:2,38,0,15
BRDA:2,39,0,0
BRDA:2,40,0,8
BRDA:2,41,0,0
BRDA:2,42,0,8
BRDA:2,43,0,0
BRDA:2,44,0,10
BRDA:2,45,0,20
BRDA:2,46,0,2
BRDA:2,47,0,0
BRDA:2,48,0,0
BRDA:2,49,0,0
BRDA:2,50,0,0
BRDA:2,51,0,0
BRDA:2,52,0,0
BRDA:2,53,0,0
BRDA:2,54,0,0
BRDA:2,55,0,10
BRDA:2,56,0,0
BRDA:2,57,0,0
BRDA:2,58,0,0
BRDA:2,59,0,12
BRDA:2,60,0,0
BRDA:2,61,0,8
BRDA:2,62,0,4
BRDA:2,63,0,15
BRDA:2,64,0,8
BRDA:2,65,0,8
BRDA:2,66,0,12
BRDA:5,67,0,5
BRDA:5,68,0,5
BRDA:5,69,0,10
BRDA:5,70,0,21
BRDA:5,71,0,5
BRDA:9,72,0,4
BRDA:9,73,0,4
BRDA:9,74,0,4
BRDA:9,75,0,1
BRDA:10,76,0,4
BRDA:14,77,0,3
BRDA:14,78,0,1
BRDA:15,79,0,3
BRDA:19,80,0,2
BRDA:19,81,0,1
BRDA:20,82,0,2
BRDA:24,83,0,1
BRDA:25,84,0,1
BRDA:38,85,0,1
BRDA:40,86,0,0
BRDA:46,87,0,5
BRDA:46,88,0,1
BRDA:46,89,0,2
BRDA:46,90,0,4
BRDA:46,91,0,1
BRDA:50,92,0,0
BRDA:51,93,0,1
BRDA:55,94,0,1
BRDA:57,95,0,0
BRDA:63,96,0,5
BRDA:63,97,0,2
BRDA:63,98,0,5
BRDA:63,99,0,9
BRDA:63,100,0,2
BRDA:67,101,0,0
BRDA:68,102,0,2
BRDA:72,103,0,2
BRDA:73,104,0,1
BRDA:74,105,0,1
BRDA:77,106,0,0
BRF:107
BRH:69
end_of_record
TN:
SF:middleware\authMiddleware.js
FN:2,_interopRequireDefault
FN:2,_regeneratorRuntime
FN:2,o
FN:2,define
FN:2,define
FN:2,wrap
FN:2,tryCatch
FN:2,Generator
FN:2,GeneratorFunction
FN:2,GeneratorFunctionPrototype
FN:2,defineIteratorMethods
FN:2,AsyncIterator
FN:2,makeInvokeMethod
FN:2,maybeInvokeDelegate
FN:2,pushTryEntry
FN:2,resetTryEntry
FN:2,Context
FN:2,values
FN:2,next
FN:2,e.isGeneratorFunction
FN:2,e.mark
FN:2,e.awrap
FN:2,e.async
FN:2,e.keys
FN:2,reset
FN:2,stop
FN:2,dispatchException
FN:2,abrupt
FN:2,complete
FN:2,finish
FN:2,_catch
FN:2,delegateYield
FN:2,asyncGeneratorStep
FN:2,_asyncToGenerator
FN:2,_next
FN:2,_throw
FN:4,_callee
FN:4,_callee$
FNF:38
FNH:19
FNDA:10,_interopRequireDefault
FNDA:14,_regeneratorRuntime
FNDA:0,o
FNDA:65,define
FNDA:0,define
FNDA:14,wrap
FNDA:28,tryCatch
FNDA:0,Generator
FNDA:0,GeneratorFunction
FNDA:0,GeneratorFunctionPrototype
FNDA:10,defineIteratorMethods
FNDA:0,AsyncIterator
FNDA:14,makeInvokeMethod
FNDA:0,maybeInvokeDelegate
FNDA:14,pushTryEntry
FNDA:28,resetTryEntry
FNDA:14,Context
FNDA:5,values
FNDA:0,next
FNDA:0,e.isGeneratorFunction
FNDA:5,e.mark
FNDA:0,e.awrap
FNDA:0,e.async
FNDA:0,e.keys
FNDA:14,reset
FNDA:14,stop
FNDA:0,dispatchException
FNDA:0,abrupt
FNDA:0,complete
FNDA:0,finish
FNDA:0,_catch
FNDA:0,delegateYield
FNDA:28,asyncGeneratorStep
FNDA:5,_asyncToGenerator
FNDA:28,_next
FNDA:0,_throw
FNDA:14,_callee
FNDA:28,_callee$
DA:1,1
DA:2,1
DA:3,1
DA:4,1
DA:5,14
DA:6,14
DA:7,14
DA:8,14
DA:9,14
DA:10,0
DA:11,14
DA:12,14
DA:13,14
DA:14,14
DA:15,14
DA:16,14
DA:17,14
DA:18,14
DA:19,14
DA:20,14
DA:21,14
DA:22,14
DA:23,0
DA:24,14
DA:25,14
DA:26,14
DA:27,14
DA:28,0
DA:29,14
DA:30,14
DA:31,14
DA:32,0
DA:33,0
DA:34,0
DA:35,1
DA:36,1
DA:37,1
DA:38,1
LF:38
LH:32
BRDA:2,0,0,10
BRDA:2,1,0,5
BRDA:2,2,0,5
BRDA:2,3,0,0
BRDA:2,4,0,0
BRDA:2,5,0,0
BRDA:2,6,0,0
BRDA:2,7,0,0
BRDA:2,8,0,0
BRDA:2,9,0,14
BRDA:2,10,0,65
BRDA:2,11,0,14
BRDA:2,12,0,0
BRDA:2,13,0,0
BRDA:2,14,0,28
BRDA:2,15,0,0
BRDA:2,16,0,10
BRDA:2,17,0,30
BRDA:2,18,0,28
BRDA:2,19,0,14
BRDA:2,20,0,28
BRDA:2,21,0,0
BRDA:2,22,0,0
BRDA:2,23,0,0
BRDA:2,24,0,0
BRDA:2,25,0,14
BRDA:2,26,0,14
BRDA:2,27,0,0
BRDA:2,28,0,0
BRDA:2,29,0,14
BRDA:2,30,0,0
BRDA:2,31,0,28
BRDA:2,32,0,14
BRDA:2,33,0,5
BRDA:2,34,0,0
BRDA:2,35,0,0
BRDA:2,36,0,0
BRDA:2,37,0,5
BRDA:2,38,0,0
BRDA:2,39,0,14
BRDA:2,40,0,0
BRDA:2,41,0,14
BRDA:2,42,0,0
BRDA:2,43,0,28
BRDA:2,44,0,0
BRDA:2,45,0,14
BRDA:2,46,0,14
BRDA:2,47,0,5
BRDA:2,48,0,14
BRDA:2,49,0,14
BRDA:2,50,0,28
BRDA:4,51,0,5
BRDA:4,52,0,14
BRDA:4,53,0,28
BRDA:4,54,0,84
BRDA:4,55,0,14
BRDA:7,56,0,0
BRDA:9,57,0,0
BRDA:10,58,0,14
BRDA:17,59,0,0
BRDA:20,60,0,14
BRDA:22,61,0,0
BRDA:23,62,0,14
BRDA:27,63,0,0
BRDA:27,64,0,0
BRDA:28,65,0,14
BRDA:31,66,0,0
BRF:67
BRH:37
end_of_record
TN:
SF:models\Category.js
FNF:0
FNH:0
DA:1,1
DA:2,1
DA:3,1
DA:4,1
DA:5,1
DA:6,1
DA:7,1
DA:8,1
DA:9,1
DA:10,1
DA:11,1
DA:12,1
DA:13,1
DA:14,1
DA:15,1
DA:16,1
DA:17,1
DA:18,1
LF:18
LH:18
BRF:0
BRH:0
end_of_record
TN:
SF:models\MenuItem.js
FNF:0
FNH:0
DA:1,1
DA:2,1
DA:3,1
DA:4,1
DA:5,1
DA:6,1
DA:7,1
DA:8,1
DA:9,1
DA:10,1
DA:11,1
DA:12,1
DA:13,1
DA:14,1
DA:15,1
DA:16,1
DA:17,1
DA:18,1
DA:19,1
DA:20,1
DA:21,1
DA:22,1
DA:23,1
DA:24,1
DA:25,1
DA:26,1
DA:27,1
DA:28,1
DA:29,1
DA:30,1
DA:31,1
DA:32,1
DA:33,1
DA:34,1
DA:35,1
DA:36,1
DA:37,1
DA:38,1
DA:39,1
DA:40,1
LF:40
LH:40
BRF:0
BRH:0
end_of_record
TN:
SF:models\Order.js
FNF:0
FNH:0
DA:1,1
DA:2,1
DA:3,1
DA:4,1
DA:5,1
DA:6,1
DA:7,1
DA:8,1
DA:9,1
DA:10,1
DA:11,1
DA:12,1
DA:13,1
DA:14,1
DA:15,1
DA:16,1
DA:17,1
DA:18,1
DA:19,1
DA:20,1
DA:21,1
DA:22,1
DA:23,1
DA:24,1
DA:25,1
DA:26,1
DA:27,1
DA:28,1
DA:29,1
DA:30,1
DA:31,1
DA:32,1
DA:33,1
DA:34,1
DA:35,1
DA:36,1
DA:37,1
DA:38,1
DA:39,1
DA:40,1
DA:41,1
DA:42,1
DA:43,1
DA:44,1
DA:45,1
DA:46,1
DA:47,1
DA:48,1
DA:49,1
DA:50,1
DA:51,1
DA:52,1
DA:53,1
DA:54,1
DA:55,1
DA:56,1
DA:57,1
LF:57
LH:57
BRF:0
BRH:0
end_of_record
TN:
SF:models\Review.js
FNF:0
FNH:0
DA:1,1
DA:2,1
DA:3,1
DA:4,1
DA:5,1
DA:6,1
DA:7,1
DA:8,1
DA:9,1
DA:10,1
DA:11,1
DA:12,1
DA:13,1
DA:14,1
DA:15,1
DA:16,1
DA:17,1
DA:18,1
DA:19,1
DA:20,1
DA:21,1
DA:22,1
DA:23,1
DA:24,1
DA:25,1
DA:26,1
DA:27,1
DA:28,1
DA:29,1
DA:30,1
LF:30
LH:30
BRF:0
BRH:0
end_of_record
TN:
SF:models\User.js
FNF:0
FNH:0
DA:1,1
DA:2,1
DA:3,1
DA:4,1
DA:5,1
DA:6,1
DA:7,1
DA:8,1
DA:9,1
DA:10,1
DA:11,1
DA:12,1
DA:13,1
DA:14,1
DA:15,1
DA:16,1
DA:17,1
DA:18,1
DA:19,1
DA:20,1
DA:21,1
DA:22,1
DA:23,1
DA:24,1
DA:25,1
DA:26,1
DA:27,1
DA:28,1
DA:29,1
DA:30,1
DA:31,1
DA:32,1
DA:33,1
DA:34,1
DA:35,1
DA:36,1
DA:37,1
DA:38,1
DA:39,1
DA:40,1
LF:40
LH:40
BRF:0
BRH:0
end_of_record
TN:
SF:routes\auth.js
FNF:0
FNH:0
DA:1,1
DA:2,1
DA:3,1
DA:4,1
DA:5,1
DA:6,1
DA:7,1
DA:8,1
DA:9,1
DA:10,1
DA:11,1
DA:12,1
DA:13,1
DA:14,1
DA:15,1
DA:16,1
DA:17,1
DA:18,1
DA:19,1
DA:20,1
DA:21,1
DA:22,1
DA:23,1
DA:24,1
DA:25,1
DA:26,1
DA:27,1
DA:28,1
DA:29,1
DA:30,1
DA:31,1
DA:32,1
DA:33,1
DA:34,1
DA:35,1
DA:36,1
DA:37,1
DA:38,1
DA:39,1
DA:40,1
DA:41,1
DA:42,1
DA:43,1
DA:44,1
DA:45,1
DA:46,1
DA:47,1
DA:48,1
DA:49,1
DA:50,1
DA:51,1
DA:52,1
DA:53,1
DA:54,1
LF:54
LH:54
BRF:0
BRH:0
end_of_record
TN:
SF:routes\categories.js
FNF:0
FNH:0
DA:1,1
DA:2,1
DA:3,1
DA:4,1
DA:5,1
DA:6,1
DA:7,1
DA:8,1
DA:9,1
DA:10,1
DA:11,1
DA:12,1
DA:13,1
DA:14,1
DA:15,1
DA:16,1
DA:17,1
DA:18,1
DA:19,1
DA:20,1
DA:21,1
DA:22,1
DA:23,1
DA:24,1
DA:25,1
DA:26,1
DA:27,1
DA:28,1
DA:29,1
DA:30,1
DA:31,1
DA:32,1
DA:33,1
DA:34,1
DA:35,1
DA:36,1
DA:37,1
DA:38,1
DA:39,1
DA:40,1
DA:41,1
DA:42,1
DA:43,1
DA:44,1
DA:45,1
DA:46,1
DA:47,1
DA:48,1
DA:49,1
DA:50,1
DA:51,1
DA:52,1
DA:53,1
DA:54,1
DA:55,1
DA:56,1
DA:57,1
DA:58,1
DA:59,1
DA:60,1
DA:61,1
DA:62,1
DA:63,1
DA:64,1
DA:65,1
DA:66,1
DA:67,1
DA:68,1
DA:69,1
DA:70,1
DA:71,1
DA:72,1
DA:73,1
DA:74,1
DA:75,1
DA:76,1
DA:77,1
DA:78,1
DA:79,1
DA:80,1
DA:81,1
DA:82,1
DA:83,1
DA:84,1
DA:85,1
DA:86,1
DA:87,1
DA:88,1
DA:89,1
DA:90,1
DA:91,1
DA:92,1
DA:93,1
DA:94,1
DA:95,1
DA:96,1
DA:97,1
DA:98,1
DA:99,1
DA:100,1
DA:101,1
DA:102,1
DA:103,1
DA:104,1
DA:105,1
DA:106,1
DA:107,1
DA:108,1
DA:109,1
LF:109
LH:109
BRF:0
BRH:0
end_of_record
TN:
SF:routes\menuItems.js
FNF:0
FNH:0
DA:1,1
DA:2,1
DA:3,1
DA:4,1
DA:5,1
DA:6,1
DA:7,1
DA:8,1
DA:9,1
DA:10,1
DA:11,1
DA:12,1
DA:13,1
DA:14,1
DA:15,1
DA:16,1
DA:17,1
DA:18,1
DA:19,1
DA:20,1
DA:21,1
DA:22,1
DA:23,1
DA:24,1
DA:25,1
DA:26,1
DA:27,1
DA:28,1
DA:29,1
DA:30,1
DA:31,1
DA:32,1
DA:33,1
DA:34,1
DA:35,1
DA:36,1
DA:37,1
DA:38,1
DA:39,1
DA:40,1
DA:41,1
DA:42,1
DA:43,1
DA:44,1
DA:45,1
DA:46,1
DA:47,1
DA:48,1
DA:49,1
DA:50,1
DA:51,1
DA:52,1
DA:53,1
DA:54,1
DA:55,1
DA:56,1
DA:57,1
DA:58,1
DA:59,1
DA:60,1
DA:61,1
DA:62,1
DA:63,1
DA:64,1
DA:65,1
DA:66,1
DA:67,1
DA:68,1
DA:69,1
DA:70,1
DA:71,1
DA:72,1
DA:73,1
DA:74,1
DA:75,1
DA:76,1
DA:77,1
DA:78,1
DA:79,1
DA:80,1
DA:81,1
DA:82,1
DA:83,1
DA:84,1
DA:85,1
DA:86,1
DA:87,1
DA:88,1
DA:89,1
DA:90,1
DA:91,1
DA:92,1
DA:93,1
DA:94,1
DA:95,1
DA:96,1
DA:97,1
DA:98,1
DA:99,1
DA:100,1
DA:101,1
DA:102,1
DA:103,1
DA:104,1
DA:105,1
DA:106,1
DA:107,1
DA:108,1
DA:109,1
DA:110,1
DA:111,1
DA:112,1
DA:113,1
DA:114,1
DA:115,1
DA:116,1
DA:117,1
DA:118,1
DA:119,1
DA:120,1
DA:121,1
DA:122,1
DA:123,1
DA:124,1
DA:125,1
DA:126,1
DA:127,1
LF:127
LH:127
BRF:0
BRH:0
end_of_record
TN:
SF:routes\orders.js
FNF:0
FNH:0
DA:1,1
DA:2,1
DA:3,1
DA:4,1
DA:5,1
DA:6,1
DA:7,1
DA:8,1
DA:9,1
DA:10,1
DA:11,1
DA:12,1
DA:13,1
DA:14,1
DA:15,1
DA:16,1
DA:17,1
DA:18,1
DA:19,1
DA:20,1
DA:21,1
DA:22,1
DA:23,1
DA:24,1
DA:25,1
DA:26,1
DA:27,1
DA:28,1
DA:29,1
DA:30,1
DA:31,1
DA:32,1
DA:33,1
DA:34,1
DA:35,1
DA:36,1
DA:37,1
DA:38,1
DA:39,1
DA:40,1
DA:41,1
DA:42,1
DA:43,1
DA:44,1
DA:45,1
DA:46,1
DA:47,1
DA:48,1
DA:49,1
DA:50,1
DA:51,1
DA:52,1
DA:53,1
DA:54,1
DA:55,1
DA:56,1
DA:57,1
DA:58,1
DA:59,1
DA:60,1
DA:61,1
DA:62,1
DA:63,1
DA:64,1
DA:65,1
DA:66,1
DA:67,1
DA:68,1
DA:69,1
DA:70,1
DA:71,1
DA:72,1
DA:73,1
DA:74,1
DA:75,1
DA:76,1
DA:77,1
DA:78,1
DA:79,1
DA:80,1
DA:81,1
DA:82,1
DA:83,1
DA:84,1
DA:85,1
DA:86,1
DA:87,1
DA:88,1
DA:89,1
DA:90,1
LF:90
LH:90
BRF:0
BRH:0
end_of_record
TN:
SF:routes\reviews.js
FNF:0
FNH:0
DA:1,1
DA:2,1
DA:3,1
DA:4,1
DA:5,1
DA:6,1
DA:7,1
DA:8,1
DA:9,1
DA:10,1
DA:11,1
DA:12,1
DA:13,1
DA:14,1
DA:15,1
DA:16,1
DA:17,1
DA:18,1
DA:19,1
DA:20,1
DA:21,1
DA:22,1
DA:23,1
DA:24,1
DA:25,1
DA:26,1
DA:27,1
DA:28,1
DA:29,1
DA:30,1
DA:31,1
DA:32,1
DA:33,1
DA:34,1
DA:35,1
DA:36,1
DA:37,1
DA:38,1
DA:39,1
DA:40,1
DA:41,1
DA:42,1
DA:43,1
DA:44,1
DA:45,1
DA:46,1
DA:47,1
DA:48,1
DA:49,1
DA:50,1
DA:51,1
DA:52,1
DA:53,1
DA:54,1
DA:55,1
DA:56,1
DA:57,1
DA:58,1
DA:59,1
DA:60,1
DA:61,1
DA:62,1
DA:63,1
DA:64,1
DA:65,1
DA:66,1
DA:67,1
DA:68,1
DA:69,1
LF:69
LH:69
BRF:0
BRH:0
end_of_record
